<?xml version="1.0" encoding="UTF-8"?>
<!-- Generated by org.testng.reporters.JUnitReportReporter -->
<testsuite name="reqresExample.TC_01_VerifyCreateUserPostMethod" tests="1" time="3.968" ignored="0" failures="0" timestamp="02 Nov 2023 04:46:20 GMT" skipped="0" hostname="DESKTOP-QNHJ5Q7" errors="0">
  <testcase name="VerifyCreateUserTest" time="3.968" classname="reqresExample.TC_01_VerifyCreateUserPostMethod"/>
</testsuite> <!-- reqresExample.TC_01_VerifyCreateUserPostMethod -->
