<?xml version="1.0" encoding="UTF-8"?>
<!-- Generated by org.testng.reporters.JUnitReportReporter -->
<testsuite name="reqresExample.TC_03_verifyUpdateUser" tests="1" time="6.009" ignored="0" failures="0" timestamp="02 Nov 2023 07:10:28 GMT" skipped="0" hostname="DESKTOP-QNHJ5Q7" errors="0">
  <testcase name="verifyCreateUserTest" time="6.009" classname="reqresExample.TC_03_verifyUpdateUser"/>
</testsuite> <!-- reqresExample.TC_03_verifyUpdateUser -->
