<?xml version="1.0" encoding="UTF-8"?>
<!-- Generated by org.testng.reporters.JUnitReportReporter -->
<testsuite name="reqresExample.TC_01_VerifyListUser3" tests="1" time="3.954" ignored="0" failures="0" timestamp="02 Nov 2023 04:04:04 GMT" skipped="0" hostname="DESKTOP-QNHJ5Q7" errors="0">
  <testcase name="VerifyListUserTest" time="3.954" classname="reqresExample.TC_01_VerifyListUser3"/>
</testsuite> <!-- reqresExample.TC_01_VerifyListUser3 -->
