<?xml version="1.0" encoding="UTF-8"?>
<!-- Generated by org.testng.reporters.JUnitReportReporter -->
<testsuite name="reqresExample.TC_01_VerifyCreateUserDataProvider" tests="2" time="3.989" ignored="0" failures="0" timestamp="02 Nov 2023 06:48:14 GMT" skipped="0" hostname="DESKTOP-QNHJ5Q7" errors="0">
  <testcase name="VerifyCreateUserTest" time="3.484" classname="reqresExample.TC_01_VerifyCreateUserDataProvider"/>
  <testcase name="VerifyCreateUserTest" time="0.505" classname="reqresExample.TC_01_VerifyCreateUserDataProvider"/>
</testsuite> <!-- reqresExample.TC_01_VerifyCreateUserDataProvider -->
