<?xml version="1.0" encoding="UTF-8"?>
<!-- Generated by org.testng.reporters.JUnitReportReporter -->
<testsuite name="reqresExample.TC_01_VerifyListUser" tests="1" time="2.443" ignored="0" failures="0" timestamp="31 Oct 2023 05:58:35 GMT" skipped="0" hostname="DESKTOP-QNHJ5Q7" errors="0">
  <testcase name="VerifyListUserTest" time="2.443" classname="reqresExample.TC_01_VerifyListUser"/>
</testsuite> <!-- reqresExample.TC_01_VerifyListUser -->
