<?xml version="1.0" encoding="UTF-8"?>
<!-- Generated by org.testng.reporters.JUnitReportReporter -->
<testsuite name="reqresExample.TC_01_VerifyListUser2" tests="1" time="2.390" ignored="0" failures="0" timestamp="02 Nov 2023 03:50:03 GMT" skipped="0" hostname="DESKTOP-QNHJ5Q7" errors="0">
  <testcase name="VerifyListUserTest" time="2.390" classname="reqresExample.TC_01_VerifyListUser2"/>
</testsuite> <!-- reqresExample.TC_01_VerifyListUser2 -->
