<?xml version="1.0" encoding="UTF-8"?>
<!-- Generated by org.testng.reporters.JUnitReportReporter -->
<testsuite name="testRun.TestRunnerClass" tests="1" time="21.429" ignored="0" failures="0" timestamp="17 Oct 2023 05:52:09 GMT" skipped="0" hostname="DESKTOP-QNHJ5Q7" errors="0">
  <testcase name="runScenario" time="21.429" classname="testRun.TestRunnerClass"/>
</testsuite> <!-- testRun.TestRunnerClass -->
