<?xml version="1.0" encoding="UTF-8"?>
<!-- Generated by org.testng.reporters.JUnitReportReporter -->
<testsuite name="testRun.TestRunner2" tests="1" time="19.473" ignored="0" failures="0" timestamp="18 Oct 2023 05:14:22 GMT" skipped="0" hostname="DESKTOP-QNHJ5Q7" errors="0">
  <testcase name="runScenario" time="19.473" classname="testRun.TestRunner2"/>
</testsuite> <!-- testRun.TestRunner2 -->
