<?xml version="1.0" encoding="UTF-8"?>
<!-- Generated by org.testng.reporters.JUnitReportReporter -->
<testsuite name="actionExample.RightClickTest" tests="2" time="3.384" ignored="0" failures="0" timestamp="16 Oct 2023 04:03:27 GMT" skipped="0" hostname="DESKTOP-QNHJ5Q7" errors="0">
  <testcase name="rightClickTest" time="0.173" classname="actionExample.RightClickTest"/>
  <testcase name="doubleClickTest" time="3.211" classname="actionExample.RightClickTest"/>
</testsuite> <!-- actionExample.RightClickTest -->
