<?xml version="1.0" encoding="UTF-8"?>
<!-- Generated by org.testng.reporters.JUnitReportReporter -->
<testsuite name="alertexample.ConfirmAlertTestNG" tests="1" time="4.196" ignored="0" failures="0" timestamp="09 Oct 2023 05:36:39 GMT" skipped="0" hostname="DESKTOP-QNHJ5Q7" errors="0">
  <testcase name="ConfirmAlert" time="4.196" classname="alertexample.ConfirmAlertTestNG"/>
</testsuite> <!-- alertexample.ConfirmAlertTestNG -->
