<?xml version="1.0" encoding="UTF-8"?>
<!-- Generated by org.testng.reporters.JUnitReportReporter -->
<testsuite name="crossbrowsertest.NOPCommTest" tests="3" time="48.943" ignored="0" failures="0" timestamp="10 Oct 2023 15:58:08 GMT" skipped="0" hostname="DESKTOP-QNHJ5Q7" errors="0">
  <testcase name="verifySearchFeature" time="16.661" classname="crossbrowsertest.NOPCommTest"/>
  <testcase name="verifySearchFeature" time="16.518" classname="crossbrowsertest.NOPCommTest"/>
  <testcase name="verifySearchFeature" time="15.764" classname="crossbrowsertest.NOPCommTest"/>
</testsuite> <!-- crossbrowsertest.NOPCommTest -->
