<?xml version="1.0" encoding="UTF-8"?>
<!-- Generated by org.testng.reporters.JUnitReportReporter -->
<testsuite name="alertexample.HandleAlertTestNG" tests="1" time="4.143" ignored="0" failures="0" timestamp="09 Oct 2023 05:25:02 GMT" skipped="0" hostname="DESKTOP-QNHJ5Q7" errors="0">
  <testcase name="SimpleAlert" time="4.143" classname="alertexample.HandleAlertTestNG"/>
</testsuite> <!-- alertexample.HandleAlertTestNG -->
