<?xml version="1.0" encoding="UTF-8"?>
<!-- Generated by org.testng.reporters.JUnitReportReporter -->
<testsuite name="excelFileExample.RegisterStudentExcelTest" tests="1" time="199.776" ignored="0" failures="0" timestamp="16 Oct 2023 03:44:20 GMT" skipped="0" hostname="DESKTOP-QNHJ5Q7" errors="0">
  <testcase name="RegistrationDataDrivernTest" time="199.776" classname="excelFileExample.RegisterStudentExcelTest"/>
</testsuite> <!-- excelFileExample.RegisterStudentExcelTest -->
