<?xml version="1.0" encoding="UTF-8"?>
<!-- Generated by org.testng.reporters.JUnitReportReporter -->
<testsuite name="ddtExample.NOPCommTest_dttExample" tests="6" time="24.370" ignored="0" failures="0" timestamp="11 Oct 2023 04:54:13 GMT" skipped="0" hostname="DESKTOP-QNHJ5Q7" errors="0">
  <testcase name="verifySearchFeaturewithInvalid" time="4.325" classname="ddtExample.NOPCommTest_dttExample"/>
  <testcase name="verifySearchFeaturewithInvalid" time="3.769" classname="ddtExample.NOPCommTest_dttExample"/>
  <testcase name="verifySearchFeaturewithInvalid" time="4.360" classname="ddtExample.NOPCommTest_dttExample"/>
  <testcase name="verifySearchFeaturewithInvalid" time="3.710" classname="ddtExample.NOPCommTest_dttExample"/>
  <testcase name="verifySearchFeaturewithInvalid" time="3.755" classname="ddtExample.NOPCommTest_dttExample"/>
  <testcase name="verifySearchFeaturewithInvalid" time="4.451" classname="ddtExample.NOPCommTest_dttExample"/>
</testsuite> <!-- ddtExample.NOPCommTest_dttExample -->
