<?xml version="1.0" encoding="UTF-8"?>
<!-- Generated by org.testng.reporters.JUnitReportReporter -->
<testsuite name="useproperties.NOPCommTest" tests="1" time="14.967" ignored="0" failures="0" timestamp="12 Oct 2023 05:55:33 GMT" skipped="0" hostname="DESKTOP-QNHJ5Q7" errors="0">
  <testcase name="verifySearchFeature" time="14.967" classname="useproperties.NOPCommTest"/>
</testsuite> <!-- useproperties.NOPCommTest -->
