<?xml version="1.0" encoding="UTF-8"?>
<!-- Generated by org.testng.reporters.JUnitReportReporter -->
<testsuite name="tests.LoginTestHRM" tests="1" time="14.215" ignored="0" failures="0" timestamp="20 Oct 2023 04:18:30 GMT" skipped="0" hostname="DESKTOP-QNHJ5Q7" errors="0">
  <testcase name="verifyLoginfeature" time="14.215" classname="tests.LoginTestHRM"/>
</testsuite> <!-- tests.LoginTestHRM -->
