<?xml version="1.0" encoding="UTF-8"?>
<!-- Generated by org.testng.reporters.JUnitReportReporter -->
<testsuite name="alertexample.PromptExampleTestNG" tests="1" time="8.256" ignored="0" failures="0" timestamp="09 Oct 2023 06:03:11 GMT" skipped="0" hostname="DESKTOP-QNHJ5Q7" errors="0">
  <testcase name="promptExample" time="8.256" classname="alertexample.PromptExampleTestNG"/>
</testsuite> <!-- alertexample.PromptExampleTestNG -->
