<?xml version="1.0" encoding="UTF-8"?>
<!-- Generated by org.testng.reporters.JUnitReportReporter -->
<testsuite name="testngexample.AmazonAppTest" tests="4" time="0.040" ignored="0" failures="0" timestamp="11 Oct 2023 03:45:32 GMT" skipped="0" hostname="DESKTOP-QNHJ5Q7" errors="0">
  <testcase name="test4" time="0.000" classname="testngexample.AmazonAppTest"/>
  <testcase name="test3" time="0.001" classname="testngexample.AmazonAppTest"/>
  <testcase name="test2" time="0.016" classname="testngexample.AmazonAppTest"/>
  <testcase name="test1" time="0.023" classname="testngexample.AmazonAppTest"/>
</testsuite> <!-- testngexample.AmazonAppTest -->
