<?xml version="1.0" encoding="UTF-8"?>
<!-- Generated by org.testng.reporters.JUnitReportReporter -->
<testsuite name="testngexample.TestNGAnnotationExample" tests="3" time="12.026" ignored="0" failures="0" timestamp="11 Oct 2023 03:45:32 GMT" skipped="0" hostname="DESKTOP-QNHJ5Q7" errors="0">
  <testcase name="addItem" time="4.004" classname="testngexample.TestNGAnnotationExample"/>
  <testcase name="login" time="4.011" classname="testngexample.TestNGAnnotationExample"/>
  <testcase name="logout" time="4.011" classname="testngexample.TestNGAnnotationExample"/>
</testsuite> <!-- testngexample.TestNGAnnotationExample -->
