<?xml version="1.0" encoding="UTF-8"?>
<!-- Generated by org.testng.reporters.JUnitReportReporter -->
<testsuite name="alertexample.SampleTestNG" tests="1" time="0.015" ignored="0" failures="0" timestamp="09 Oct 2023 05:17:07 GMT" skipped="0" hostname="DESKTOP-QNHJ5Q7" errors="0">
  <testcase name="testample" time="0.015" classname="alertexample.SampleTestNG"/>
</testsuite> <!-- alertexample.SampleTestNG -->
